app/build/intermediates/manifest_merge_blame_file/debug/manifest-merger-blame-debug-report.txt
1<?xml version="1.0" encoding="utf-8"?>
2<manifest xmlns:android="http://schemas.android.com/apk/res/android"
3    package="com.example.portfolioapp"
4    android:versionCode="1"
5    android:versionName="1.0" >
6
7    <uses-sdk
8        android:minSdkVersion="24"
8-->src\main\AndroidManifest.xml
9        android:targetSdkVersion="30" />
9-->src\main\AndroidManifest.xml
10
11    <application
11-->src\main\AndroidManifest.xml:5:5-29:19
12        android:allowBackup="true"
12-->src\main\AndroidManifest.xml:6:9-35
13        android:appComponentFactory="androidx.core.app.CoreComponentFactory"
13-->[androidx.core:core:1.3.2] AndroidManifest.xml:24:18-86
14        android:debuggable="true"
15        android:extractNativeLibs="false"
16        android:icon="@mipmap/ic_launcher"
16-->src\main\AndroidManifest.xml:7:9-43
17        android:label="@string/app_name"
17-->src\main\AndroidManifest.xml:8:9-41
18        android:roundIcon="@mipmap/ic_launcher_round"
18-->src\main\AndroidManifest.xml:9:9-54
19        android:supportsRtl="true"
19-->src\main\AndroidManifest.xml:10:9-35
20        android:testOnly="true"
21        android:theme="@style/Theme.PortfolioApp" >
21-->src\main\AndroidManifest.xml:11:9-50
22        <activity android:name="com.example.portfolioapp.HomeActivity.HomeActivity" />
22-->src\main\AndroidManifest.xml:12:9-72
22-->src\main\AndroidManifest.xml:12:19-60
23        <activity android:name="com.example.portfolioapp.WritePrizeActivity" />
23-->src\main\AndroidManifest.xml:13:9-56
23-->src\main\AndroidManifest.xml:13:19-53
24        <activity android:name="com.example.portfolioapp.WriteCertificateActivity" />
24-->src\main\AndroidManifest.xml:14:9-62
24-->src\main\AndroidManifest.xml:14:19-59
25        <activity android:name="com.example.portfolioapp.CertificateViewActivity" />
25-->src\main\AndroidManifest.xml:15:9-61
25-->src\main\AndroidManifest.xml:15:19-58
26        <activity android:name="com.example.portfolioapp.WriteDailyPortfolioActivity" />
26-->src\main\AndroidManifest.xml:16:9-65
26-->src\main\AndroidManifest.xml:16:19-62
27        <activity android:name="com.example.portfolioapp.WritePortfolioActivity" />
27-->src\main\AndroidManifest.xml:17:9-60
27-->src\main\AndroidManifest.xml:17:19-57
28        <activity android:name="com.example.portfolioapp.PortfolioViewActivity" />
28-->src\main\AndroidManifest.xml:18:9-59
28-->src\main\AndroidManifest.xml:18:19-56
29        <activity android:name="com.example.portfolioapp.PortfolioFullViewActivity" />
29-->src\main\AndroidManifest.xml:19:9-63
29-->src\main\AndroidManifest.xml:19:19-60
30        <activity android:name="com.example.portfolioapp.PortfolioCalendarViewActivity" />
30-->src\main\AndroidManifest.xml:20:9-67
30-->src\main\AndroidManifest.xml:20:19-64
31        <activity android:name="com.example.portfolioapp.JoinActivity" />
31-->src\main\AndroidManifest.xml:21:9-50
31-->src\main\AndroidManifest.xml:21:19-47
32        <activity android:name="com.example.portfolioapp.MainActivity" >
32-->src\main\AndroidManifest.xml:22:9-28:20
32-->src\main\AndroidManifest.xml:22:19-47
33            <intent-filter>
33-->src\main\AndroidManifest.xml:23:13-27:29
34                <action android:name="android.intent.action.MAIN" />
34-->src\main\AndroidManifest.xml:24:17-69
34-->src\main\AndroidManifest.xml:24:25-66
35
36                <category android:name="android.intent.category.LAUNCHER" />
36-->src\main\AndroidManifest.xml:26:17-77
36-->src\main\AndroidManifest.xml:26:27-74
37            </intent-filter>
38        </activity>
39    </application>
40
41</manifest>